<?xml version="1.0" encoding="UTF-8"?>
<!-- Generated by org.testng.reporters.JUnitXMLReporter -->
<testsuite ignored="0" hostname="HAPPYLOVER" failures="0" tests="5" name="Default test" time="26.551" errors="0" timestamp="2023-09-02T15:59:14 GMT-06:00">
  <testcase classname="tests.ContactTest" name="sign_Up_Out_Test" time="1.81"/>
  <testcase classname="tests.ContactTest" name="create_Contact_Test" time="3.867"/>
  <testcase classname="tests.ContactTest" name="can_Not_Create_Without_Mandatory_Fields_Test" time="2.468"/>
  <testcase classname="tests.ContactTest" name="edit_Exist_Contact_Test" time="4.883"/>
  <testcase classname="tests.ContactTest" name="delete_Contact_Test" time="2.444"/>
</testsuite> <!-- Default test -->
